#
# There is insufficient memory for the Java Runtime Environment to continue.
# Native memory allocation (mmap) failed to map 268435456 bytes for Failed to commit area from 0x0000000701000000 to 0x0000000711000000 of length 268435456.
# Possible reasons:
#   The system is out of physical RAM or swap space
#   The process is running with CompressedOops enabled, and the Java Heap may be blocking the growth of the native heap
# Possible solutions:
#   Reduce memory load on the system
#   Increase physical memory or swap space
#   Check if swap backing store is full
#   Decrease Java heap size (-Xmx/-Xms)
#   Decrease number of Java threads
#   Decrease Java thread stack sizes (-Xss)
#   Set larger code cache with -XX:ReservedCodeCacheSize=
# This output file may be truncated or incomplete.
#
#  Out of Memory Error (./src/hotspot/os/windows/os_windows.cpp:3303), pid=85472, tid=85160
#
# JRE version:  (11.0.7+10) (build )
# Java VM: OpenJDK 64-Bit Server VM (11.0.7+10-b765.53, mixed mode, sharing, tiered, compressed oops, g1 gc, windows-amd64)
# No core dump will be written. Minidumps are not enabled by default on client versions of Windows
#

---------------  S U M M A R Y ------------

Command Line: org.jetbrains.git4idea.http.GitAskPassApp Username for 'http://192.168.1.203': 

Host: Intel(R) Core(TM) i5-9400F CPU @ 2.90GHz, 6 cores, 15G,  Windows 10 , 64 bit Build 18362 (10.0.18362.1110)
Time: Mon Jan 11 07:46:21 2021 ?D1¨²¡À¨º¡Á?¨º¡À?? elapsed time: 0 seconds (0d 0h 0m 0s)

---------------  T H R E A D  ---------------

Current thread (0x0000028ab9acb800):  JavaThread "Unknown thread" [_thread_in_vm, id=85160, stack(0x000000fe92700000,0x000000fe92800000)]

Stack: [0x000000fe92700000,0x000000fe92800000]
Native frames: (J=compiled Java code, j=interpreted, Vv=VM code, C=native code)
V  [jvm.dll+0x5dda4a]
V  [jvm.dll+0x711595]
V  [jvm.dll+0x712aed]
V  [jvm.dll+0x7131a3]
V  [jvm.dll+0x23e368]
V  [jvm.dll+0x5daf04]
V  [jvm.dll+0x5d0085]
V  [jvm.dll+0x2fb0cb]
V  [jvm.dll+0x2fb03a]
V  [jvm.dll+0x2faf12]
V  [jvm.dll+0x2ffdf6]
V  [jvm.dll+0x348393]
V  [jvm.dll+0x348a96]
V  [jvm.dll+0x348493]
V  [jvm.dll+0x2d59e8]
V  [jvm.dll+0x2d6b87]
V  [jvm.dll+0x6f04e7]
V  [jvm.dll+0x6f1cdc]
V  [jvm.dll+0x355909]
V  [jvm.dll+0x6d42ae]
V  [jvm.dll+0x3bda13]
V  [jvm.dll+0x3bfc51]
C  [jli.dll+0x5363]
C  [ucrtbase.dll+0x210b2]
C  [KERNEL32.DLL+0x17c24]
C  [ntdll.dll+0x6d4d1]


---------------  P R O C E S S  ---------------

Threads class SMR info:
_java_thread_list=0x0000028ab77e6670, length=0, elements={
}

Java Threads: ( => current thread )

Other Threads:
  0x0000028ab9ae3800 GCTaskThread "GC Thread#0" [stack: 0x000000fe92800000,0x000000fe92900000] [id=78704]
  0x0000028ab9b43800 ConcurrentGCThread "G1 Main Marker" [stack: 0x000000fe92900000,0x000000fe92a00000] [id=85548]
  0x0000028ab9b45000 ConcurrentGCThread "G1 Conc#0" [stack: 0x000000fe92a00000,0x000000fe92b00000] [id=83044]

[error occurred during error reporting (printing all threads), id 0xc0000005, EXCEPTION_ACCESS_VIOLATION (0xc0000005) at pc=0x00007ffd3d045fc7]

VM state:not at safepoint (not fully initialized)

VM Mutex/Monitor currently owned by a thread:  ([mutex/lock_event])
[0x0000028ab9acad20] Heap_lock - owner thread: 0x0000028ab9acb800

Heap address: 0x0000000701000000, size: 4080 MB, Compressed Oops mode: Non-zero based: 0x0000000701000000
Narrow klass base: 0x0000000000000000, Narrow klass shift: 0

GC Heap History (0 events):
No events

Deoptimization events (0 events):
No events

Classes redefined (0 events):
No events

Internal exceptions (0 events):
No events

Events (2 events):
Event: 0.006 Loaded shared library C:\Program Files\JetBrains\PyCharm Community Edition 2020.1.2\jbr\bin\zip.dll
Event: 0.006 Loaded shared library C:\Program Files\JetBrains\PyCharm Community Edition 2020.1.2\jbr\bin\jimage.dll


Dynamic libraries:
0x00007ff75c180000 - 0x00007ff75c18a000 	C:\Program Files\JetBrains\PyCharm Community Edition 2020.1.2\jbr\bin\java.exe
0x00007ffd73fe0000 - 0x00007ffd741d0000 	C:\Windows\SYSTEM32\ntdll.dll
0x00007ffd73760000 - 0x00007ffd73812000 	C:\Windows\System32\KERNEL32.DLL
0x00007ffd71020000 - 0x00007ffd712c5000 	C:\Windows\System32\KERNELBASE.dll
0x00007ffd71e40000 - 0x00007ffd71f3a000 	C:\Windows\System32\ucrtbase.dll
0x00007ffd625d0000 - 0x00007ffd625e7000 	C:\Program Files\JetBrains\PyCharm Community Edition 2020.1.2\jbr\bin\VCRUNTIME140.dll
0x00007ffd6d8a0000 - 0x00007ffd6d8b9000 	C:\Program Files\JetBrains\PyCharm Community Edition 2020.1.2\jbr\bin\jli.dll
0x00007ffd73cd0000 - 0x00007ffd73e64000 	C:\Windows\System32\USER32.dll
0x00007ffd712d0000 - 0x00007ffd712f1000 	C:\Windows\System32\win32u.dll
0x00007ffd67760000 - 0x00007ffd679e4000 	C:\Windows\WinSxS\amd64_microsoft.windows.common-controls_6595b64144ccf1df_6.0.18362.1256_none_9e7e379be45e40e2\COMCTL32.dll
0x00007ffd72920000 - 0x00007ffd72946000 	C:\Windows\System32\GDI32.dll
0x00007ffd73820000 - 0x00007ffd738be000 	C:\Windows\System32\msvcrt.dll
0x00007ffd71a90000 - 0x00007ffd71c26000 	C:\Windows\System32\gdi32full.dll
0x00007ffd71ff0000 - 0x00007ffd7208e000 	C:\Windows\System32\msvcp_win.dll
0x00007ffd731c0000 - 0x00007ffd734f6000 	C:\Windows\System32\combase.dll
0x00007ffd73020000 - 0x00007ffd73140000 	C:\Windows\System32\RPCRT4.dll
0x00007ffd71c30000 - 0x00007ffd71cb1000 	C:\Windows\System32\bcryptPrimitives.dll
0x00007ffd73500000 - 0x00007ffd7352e000 	C:\Windows\System32\IMM32.DLL
0x00007ffd48df0000 - 0x00007ffd48e8d000 	C:\Program Files\JetBrains\PyCharm Community Edition 2020.1.2\jbr\bin\msvcp140.dll
0x00007ffd3cd60000 - 0x00007ffd3d81b000 	C:\Program Files\JetBrains\PyCharm Community Edition 2020.1.2\jbr\bin\server\jvm.dll
0x00007ffd73c20000 - 0x00007ffd73cc3000 	C:\Windows\System32\ADVAPI32.dll
0x00007ffd73b80000 - 0x00007ffd73c17000 	C:\Windows\System32\sechost.dll
0x00007ffd72950000 - 0x00007ffd72958000 	C:\Windows\System32\PSAPI.DLL
0x00007ffd60210000 - 0x00007ffd60219000 	C:\Windows\SYSTEM32\WSOCK32.dll
0x00007ffd6eff0000 - 0x00007ffd6f014000 	C:\Windows\SYSTEM32\WINMM.dll
0x00007ffd72dd0000 - 0x00007ffd72e3f000 	C:\Windows\System32\WS2_32.dll
0x00007ffd6c980000 - 0x00007ffd6c98a000 	C:\Windows\SYSTEM32\VERSION.dll
0x00007ffd6ee90000 - 0x00007ffd6eebd000 	C:\Windows\SYSTEM32\winmmbase.dll
0x00007ffd70f50000 - 0x00007ffd70f9a000 	C:\Windows\System32\cfgmgr32.dll
0x00007ffd70e90000 - 0x00007ffd70ea1000 	C:\Windows\System32\kernel.appcore.dll
0x00007ffd67f40000 - 0x00007ffd67f51000 	C:\Program Files\JetBrains\PyCharm Community Edition 2020.1.2\jbr\bin\verify.dll
0x00007ffd5e1a0000 - 0x00007ffd5e394000 	C:\Windows\SYSTEM32\DBGHELP.DLL
0x00007ffd5e6d0000 - 0x00007ffd5e6fa000 	C:\Windows\SYSTEM32\dbgcore.DLL
0x00007ffd67f10000 - 0x00007ffd67f39000 	C:\Program Files\JetBrains\PyCharm Community Edition 2020.1.2\jbr\bin\java.dll
0x00007ffd67e10000 - 0x00007ffd67e28000 	C:\Program Files\JetBrains\PyCharm Community Edition 2020.1.2\jbr\bin\zip.dll
0x00007ffd6f0d0000 - 0x00007ffd6f0db000 	C:\Program Files\JetBrains\PyCharm Community Edition 2020.1.2\jbr\bin\jimage.dll

dbghelp: loaded successfully - version: 4.0.5 - missing functions: none
symbol engine: initialized successfully - sym options: 0x614 - pdb path: .;C:\Program Files\JetBrains\PyCharm Community Edition 2020.1.2\jbr\bin;C:\Windows\SYSTEM32;C:\Windows\WinSxS\amd64_microsoft.windows.common-controls_6595b64144ccf1df_6.0.18362.1256_none_9e7e379be45e40e2;C:\Program Files\JetBrains\PyCharm Community Edition 2020.1.2\jbr\bin\server

VM Arguments:
java_command: org.jetbrains.git4idea.http.GitAskPassApp Username for 'http://192.168.1.203': 
java_class_path (initial): C:/Program Files/JetBrains/PyCharm Community Edition 2020.1.2/plugins/git4idea/lib/git4idea-rt.jar;C:/Program Files/JetBrains/PyCharm Community Edition 2020.1.2/lib/xmlrpc-2.0.1.jar;C:/Program Files/JetBrains/PyCharm Community Edition 2020.1.2/lib/commons-codec-1.14.jar;C:/Program Files/JetBrains/PyCharm Community Edition 2020.1.2/lib/util.jar
Launcher Type: SUN_STANDARD

[Global flags]
     intx CICompilerCount                          = 3                                         {product} {ergonomic}
     uint ConcGCThreads                            = 2                                         {product} {ergonomic}
     uint G1ConcRefinementThreads                  = 6                                         {product} {ergonomic}
   size_t G1HeapRegionSize                         = 1048576                                   {product} {ergonomic}
    uintx GCDrainStackTargetSize                   = 64                                        {product} {ergonomic}
   size_t InitialHeapSize                          = 268435456                                 {product} {ergonomic}
   size_t MarkStackSize                            = 4194304                                   {product} {ergonomic}
   size_t MaxHeapSize                              = 4278190080                                {product} {ergonomic}
   size_t MinHeapDeltaBytes                        = 1048576                                   {product} {ergonomic}
    uintx NonNMethodCodeHeapSize                   = 5830732                                {pd product} {ergonomic}
    uintx NonProfiledCodeHeapSize                  = 122913754                              {pd product} {ergonomic}
    uintx ProfiledCodeHeapSize                     = 122913754                              {pd product} {ergonomic}
    uintx ReservedCodeCacheSize                    = 251658240                              {pd product} {ergonomic}
     bool SegmentedCodeCache                       = true                                      {product} {ergonomic}
     bool UseCompressedClassPointers               = true                                 {lp64_product} {ergonomic}
     bool UseCompressedOops                        = true                                 {lp64_product} {ergonomic}
     bool UseG1GC                                  = true                                      {product} {ergonomic}
     bool UseLargePagesIndividualAllocation        = false                                  {pd product} {ergonomic}

Logging:
Log output configuration:
 #0: stdout all=warning uptime,level,tags
 #1: stderr all=off uptime,level,tags

Environment Variables:
CLASSPATH=D:\apache-tomcat-8.5.57\lib\servlet-api.jar
PATH=C:\Program Files\Git\mingw64\libexec\git-core;C:\Program Files\Git\mingw64\libexec\git-core;C:\Program Files\Git\mingw64\bin;C:\Program Files\Git\usr\bin;C:\Users\ASUS\bin;C:\Program Files (x86)\Common Files\Oracle\Java\javapath;C:\Windows\system32;C:\Windows;C:\Windows\System32\Wbem;C:\Windows\System32\WindowsPowerShell\v1.0;C:\Windows\System32\OpenSSH;C:\Program Files\Git\cmd;C:\Program Files\nodejs;D:\apache-tomcat-8.5.57\bin;C:\Program Files\VisualSVN Server\bin;C:\Program Files\TortoiseSVN\bin;D:\allure-2.7.0\bin;C:\Users\ASUS\AppData\Local\Programs\Python\Python38\Scripts;C:\Users\ASUS\AppData\Local\Programs\Python\Python38;C:\Users\ASUS\AppData\Local\Microsoft\WindowsApps;C:\Users\ASUS\AppData\Local\Programs\Fiddler;C:\Program Files\JetBrains\PyCharm Community Edition 2020.1.2\bin;D:\allure-2.7.0\bin;C:\Users\ASUS\AppData\Roaming\npm\node_modules;C:\Program Files\nodejs\node_global;C:\Program Files\Java\jdk-14.0.2\bin
USERNAME=ASUS
DISPLAY=:0.0
OS=Windows_NT
PROCESSOR_IDENTIFIER=Intel64 Family 6 Model 158 Stepping 10, GenuineIntel



---------------  S Y S T E M  ---------------

OS: Windows 10 , 64 bit Build 18362 (10.0.18362.1110)
OS uptime: 17 days 14:03 hours

CPU:total 6 (initial active 6) (6 cores per cpu, 1 threads per core) family 6 model 158 stepping 10, cmov, cx8, fxsr, mmx, sse, sse2, sse3, ssse3, sse4.1, sse4.2, popcnt, avx, avx2, aes, clmul, erms, 3dnowpref, lzcnt, tsc, tscinvbit, bmi1, bmi2, adx, fma

Memory: 4k page, system-wide physical 16316M (4174M free)
TotalPageFile size 29116M (AvailPageFile size 255M)
current process WorkingSet (physical memory assigned to process): 10M, peak: 10M
current process commit charge ("private bytes"): 56M, peak: 312M

vm_info: OpenJDK 64-Bit Server VM (11.0.7+10-b765.53) for windows-amd64 JRE (11.0.7+10-b765.53), built on May 12 2020 04:38:25 by "" with MS VC++ 14.0 (VS2015)

END.
