#
# There is insufficient memory for the Java Runtime Environment to continue.
# Native memory allocation (malloc) failed to allocate 774656 bytes for Chunk::new
# Possible reasons:
#   The system is out of physical RAM or swap space
#   The process is running with CompressedOops enabled, and the Java Heap may be blocking the growth of the native heap
# Possible solutions:
#   Reduce memory load on the system
#   Increase physical memory or swap space
#   Check if swap backing store is full
#   Decrease Java heap size (-Xmx/-Xms)
#   Decrease number of Java threads
#   Decrease Java thread stack sizes (-Xss)
#   Set larger code cache with -XX:ReservedCodeCacheSize=
#   JVM is running with Zero Based Compressed Oops mode in which the Java heap is
#     placed in the first 32GB address space. The Java Heap base address is the
#     maximum limit for the native heap growth. Please use -XX:HeapBaseMinAddress
#     to set the Java Heap base and to place the Java Heap above 32GB virtual address.
# This output file may be truncated or incomplete.
#
#  Out of Memory Error (allocation.cpp:389), pid=116964, tid=0x000000000001db10
#
# JRE version: Java(TM) SE Runtime Environment (8.0_231-b11) (build 1.8.0_231-b11)
# Java VM: Java HotSpot(TM) 64-Bit Server VM (25.231-b11 mixed mode windows-amd64 compressed oops)
# Failed to write core dump. Minidumps are not enabled by default on client versions of Windows
#

---------------  T H R E A D  ---------------

Current thread (0x000000001e139800):  JavaThread "C2 CompilerThread1" daemon [_thread_in_native, id=121616, stack(0x000000001e7f0000,0x000000001e8f0000)]

Stack: [0x000000001e7f0000,0x000000001e8f0000]
[error occurred during error reporting (printing stack bounds), id 0xc0000005]

Native frames: (J=compiled Java code, j=interpreted, Vv=VM code, C=native code)


Current CompileTask:
C2:   9868 1968       4       java.util.stream.ForEachOps$ForEachOp$OfRef::accept (11 bytes)


---------------  P R O C E S S  ---------------

Java Threads: ( => current thread )
  0x000000001e1bc800 JavaThread "Service Thread" daemon [_thread_blocked, id=114872, stack(0x000000001e9f0000,0x000000001eaf0000)]
  0x000000001e13c800 JavaThread "C1 CompilerThread2" daemon [_thread_blocked, id=101768, stack(0x000000001e8f0000,0x000000001e9f0000)]
=>0x000000001e139800 JavaThread "C2 CompilerThread1" daemon [_thread_in_native, id=121616, stack(0x000000001e7f0000,0x000000001e8f0000)]
  0x000000001e137000 JavaThread "C2 CompilerThread0" daemon [_thread_blocked, id=98120, stack(0x000000001e6f0000,0x000000001e7f0000)]
  0x000000001c732000 JavaThread "Attach Listener" daemon [_thread_blocked, id=75132, stack(0x000000001e5f0000,0x000000001e6f0000)]
  0x000000001e132800 JavaThread "Signal Dispatcher" daemon [_thread_blocked, id=126336, stack(0x000000001e4f0000,0x000000001e5f0000)]
  0x0000000002ea9000 JavaThread "Finalizer" daemon [_thread_blocked, id=110584, stack(0x000000001df90000,0x000000001e090000)]
  0x0000000002ea5800 JavaThread "Reference Handler" daemon [_thread_blocked, id=123112, stack(0x000000001de90000,0x000000001df90000)]
  0x0000000002db3800 JavaThread "main" [_thread_in_native, id=126464, stack(0x0000000002c80000,0x0000000002d80000)]

Other Threads:
  0x000000001c6e8000 VMThread [stack: 0x000000001dd90000,0x000000001de90000] [id=125388]
  0x000000001e1f2800 WatcherThread [stack: 0x000000001eaf0000,0x000000001ebf0000] [id=125592]

VM state:not at safepoint (normal execution)

VM Mutex/Monitor currently owned by a thread: None

heap address: 0x00000006c1000000, size: 4080 MB, Compressed Oops mode: Zero based, Oop shift amount: 3
Narrow klass base: 0x0000000000000000, Narrow klass shift: 3
Compressed class space size: 1073741824 Address: 0x00000007c0000000

Heap:
 PSYoungGen      total 76288K, used 59957K [0x000000076b000000, 0x0000000770500000, 0x00000007c0000000)
  eden space 65536K, 75% used [0x000000076b000000,0x000000076e089f28,0x000000076f000000)
  from space 10752K, 95% used [0x000000076f000000,0x000000076fa03728,0x000000076fa80000)
  to   space 10752K, 0% used [0x000000076fa80000,0x000000076fa80000,0x0000000770500000)
 ParOldGen       total 175104K, used 16K [0x00000006c1000000, 0x00000006cbb00000, 0x000000076b000000)
  object space 175104K, 0% used [0x00000006c1000000,0x00000006c1004000,0x00000006cbb00000)
 Metaspace       used 14784K, capacity 15498K, committed 15744K, reserved 1062912K
  class space    used 1711K, capacity 1819K, committed 1920K, reserved 1048576K

Card table byte_map: [0x0000000012270000,0x0000000012a70000] byte_map_base: 0x000000000ec68000

Marking Bits: (ParMarkBitMap*) 0x0000000054496d90
 Begin Bits: [0x00000000135c0000, 0x0000000017580000)
 End Bits:   [0x0000000017580000, 0x000000001b540000)

Polling page: 0x0000000002890000

CodeCache: size=245760Kb used=6037Kb max_used=6049Kb free=239722Kb
 bounds [0x0000000002eb0000, 0x00000000034a0000, 0x0000000011eb0000]
 total_blobs=2354 nmethods=1971 adapters=295
 compilation: enabled

Compilation events (10 events):
Event: 9.514 Thread 0x000000001e137000 nmethod 1967 0x0000000003494d90 code [0x0000000003494ee0, 0x0000000003495158]
Event: 9.517 Thread 0x000000001e139800 1968       4       java.util.stream.ForEachOps$ForEachOp$OfRef::accept (11 bytes)
Event: 9.526 Thread 0x000000001e137000 1969       4       io.qameta.allure.entity.Time::hashCode (85 bytes)
Event: 9.526 Thread 0x000000001e137000 nmethod 1969 0x0000000003494a50 code [0x0000000003494b80, 0x0000000003494c78]
Event: 9.551 Thread 0x000000001e137000 1970       4       com.fasterxml.jackson.core.json.UTF8StreamJsonParser::parseMediumName2 (283 bytes)
Event: 9.558 Thread 0x000000001e137000 nmethod 1970 0x000000000349d7d0 code [0x000000000349d980, 0x000000000349e4a8]
Event: 9.640 Thread 0x000000001e137000 1971       4       io.qameta.allure.allure2.Allure2Plugin::convert (43 bytes)
Event: 9.645 Thread 0x000000001e137000 nmethod 1971 0x0000000003496110 code [0x00000000034962e0, 0x00000000034969f8]
Event: 9.804 Thread 0x000000001e137000 1972       4       java.util.Arrays::copyOfRange (63 bytes)
Event: 9.806 Thread 0x000000001e137000 nmethod 1972 0x0000000003494590 code [0x00000000034946e0, 0x00000000034948f8]

GC Heap History (2 events):
Event: 0.704 GC heap before
{Heap before GC invocations=1 (full 0):
 PSYoungGen      total 76288K, used 65536K [0x000000076b000000, 0x0000000770500000, 0x00000007c0000000)
  eden space 65536K, 100% used [0x000000076b000000,0x000000076f000000,0x000000076f000000)
  from space 10752K, 0% used [0x000000076fa80000,0x000000076fa80000,0x0000000770500000)
  to   space 10752K, 0% used [0x000000076f000000,0x000000076f000000,0x000000076fa80000)
 ParOldGen       total 175104K, used 0K [0x00000006c1000000, 0x00000006cbb00000, 0x000000076b000000)
  object space 175104K, 0% used [0x00000006c1000000,0x00000006c1000000,0x00000006cbb00000)
 Metaspace       used 14091K, capacity 14670K, committed 14848K, reserved 1062912K
  class space    used 1674K, capacity 1783K, committed 1792K, reserved 1048576K
Event: 0.711 GC heap after
Heap after GC invocations=1 (full 0):
 PSYoungGen      total 76288K, used 10253K [0x000000076b000000, 0x0000000770500000, 0x00000007c0000000)
  eden space 65536K, 0% used [0x000000076b000000,0x000000076b000000,0x000000076f000000)
  from space 10752K, 95% used [0x000000076f000000,0x000000076fa03728,0x000000076fa80000)
  to   space 10752K, 0% used [0x000000076fa80000,0x000000076fa80000,0x0000000770500000)
 ParOldGen       total 175104K, used 16K [0x00000006c1000000, 0x00000006cbb00000, 0x000000076b000000)
  object space 175104K, 0% used [0x00000006c1000000,0x00000006c1004000,0x00000006cbb00000)
 Metaspace       used 14091K, capacity 14670K, committed 14848K, reserved 1062912K
  class space    used 1674K, capacity 1783K, committed 1792K, reserved 1048576K
}

Deoptimization events (10 events):
Event: 4.142 Thread 0x0000000002db3800 Uncommon trap: reason=unstable_if action=reinterpret pc=0x0000000003360f98 method=java.lang.reflect.Field.getFieldAccessor(Ljava/lang/Object;)Lsun/reflect/FieldAccessor; @ 22
Event: 4.142 Thread 0x0000000002db3800 Uncommon trap: reason=unstable_if action=reinterpret pc=0x0000000003371f84 method=java.lang.reflect.Field.getFieldAccessor(Ljava/lang/Object;)Lsun/reflect/FieldAccessor; @ 22
Event: 4.142 Thread 0x0000000002db3800 Uncommon trap: reason=unstable_if action=reinterpret pc=0x0000000003313778 method=com.fasterxml.jackson.core.util.TextBuffer.emptyAndGetCurrentSegment()[C @ 34
Event: 4.766 Thread 0x0000000002db3800 Uncommon trap: reason=unstable_if action=reinterpret pc=0x0000000003274028 method=sun.nio.fs.WindowsDirectoryStream$WindowsDirectoryIterator.acceptEntry(Ljava/lang/String;Ljava/nio/file/attribute/BasicFileAttributes;)Ljava/nio/file/Path; @ 49
Event: 4.807 Thread 0x0000000002db3800 Uncommon trap: reason=unstable_if action=reinterpret pc=0x000000000336c09c method=java.lang.reflect.Constructor.newInstance([Ljava/lang/Object;)Ljava/lang/Object; @ 69
Event: 4.810 Thread 0x0000000002db3800 Uncommon trap: reason=unstable_if action=reinterpret pc=0x0000000003363d44 method=java.lang.Long.valueOf(J)Ljava/lang/Long; @ 13
Event: 4.813 Thread 0x0000000002db3800 Uncommon trap: reason=class_check action=maybe_recompile pc=0x00000000033642c0 method=java.util.stream.Sink$ChainedReference.cancellationRequested()Z @ 4
Event: 4.813 Thread 0x0000000002db3800 Uncommon trap: reason=class_check action=maybe_recompile pc=0x00000000033642c0 method=java.util.stream.Sink$ChainedReference.cancellationRequested()Z @ 4
Event: 4.813 Thread 0x0000000002db3800 Uncommon trap: reason=class_check action=maybe_recompile pc=0x00000000033642c0 method=java.util.stream.Sink$ChainedReference.cancellationRequested()Z @ 4
Event: 4.813 Thread 0x0000000002db3800 Uncommon trap: reason=class_check action=maybe_recompile pc=0x00000000033642c0 method=java.util.stream.Sink$ChainedReference.cancellationRequested()Z @ 4

Classes redefined (0 events):
No events

Internal exceptions (10 events):
Event: 0.578 Thread 0x0000000002db3800 Exception <a 'sun/nio/fs/WindowsException'> (0x000000076d7e8aa0) thrown at [C:\re\workspace\8-2-build-windows-amd64-cygwin\jdk8u231\13620\hotspot\src\share\vm\prims\jni.cpp, line 710]
Event: 0.578 Thread 0x0000000002db3800 Exception <a 'sun/nio/fs/WindowsException'> (0x000000076d7e9548) thrown at [C:\re\workspace\8-2-build-windows-amd64-cygwin\jdk8u231\13620\hotspot\src\share\vm\prims\jni.cpp, line 710]
Event: 0.578 Thread 0x0000000002db3800 Exception <a 'sun/nio/fs/WindowsException'> (0x000000076d7e9a58) thrown at [C:\re\workspace\8-2-build-windows-amd64-cygwin\jdk8u231\13620\hotspot\src\share\vm\prims\jni.cpp, line 710]
Event: 0.689 Thread 0x0000000002db3800 Exception <a 'java/lang/ClassNotFoundException': java/lang/package-info> (0x000000076eeee170) thrown at [C:\re\workspace\8-2-build-windows-amd64-cygwin\jdk8u231\13620\hotspot\src\share\vm\classfile\systemDictionary.cpp, line 210]
Event: 0.692 Thread 0x0000000002db3800 Exception <a 'java/lang/ClassNotFoundException': java/util/package-info> (0x000000076ef63d80) thrown at [C:\re\workspace\8-2-build-windows-amd64-cygwin\jdk8u231\13620\hotspot\src\share\vm\classfile\systemDictionary.cpp, line 210]
Event: 4.141 Thread 0x0000000002db3800 Implicit null exception at 0x0000000003370f22 to 0x0000000003372129
Event: 4.141 Thread 0x0000000002db3800 Implicit null exception at 0x000000000335ed6b to 0x000000000335f0a5
Event: 4.142 Thread 0x0000000002db3800 Implicit null exception at 0x0000000003360d5d to 0x0000000003360f79
Event: 4.142 Thread 0x0000000002db3800 Implicit null exception at 0x0000000003371507 to 0x0000000003371f51
Event: 4.807 Thread 0x0000000002db3800 Implicit null exception at 0x000000000336be32 to 0x000000000336c081

Events (10 events):
Event: 4.817 loading class io/qameta/allure/allure2/Allure2Plugin
Event: 4.817 loading class io/qameta/allure/allure2/Allure2Plugin done
Event: 4.817 loading class io/qameta/allure/allure2/Allure2Plugin
Event: 4.817 loading class io/qameta/allure/allure2/Allure2Plugin done
Event: 4.859 Thread 0x0000000002db3800 DEOPT PACKING pc=0x00000000033b9acf sp=0x0000000002d7dff0
Event: 4.859 Thread 0x0000000002db3800 DEOPT UNPACKING pc=0x0000000002ef7890 sp=0x0000000002d7dd20 mode 0
Event: 4.861 Thread 0x0000000002db3800 DEOPT PACKING pc=0x00000000033b9acf sp=0x0000000002d7e090
Event: 4.861 Thread 0x0000000002db3800 DEOPT UNPACKING pc=0x0000000002ef7890 sp=0x0000000002d7ddc0 mode 0
Event: 5.234 loading class com/fasterxml/jackson/databind/InjectableValues
Event: 5.234 loading class com/fasterxml/jackson/databind/InjectableValues done


Dynamic libraries:
0x00007ff6ccda0000 - 0x00007ff6ccdd7000 	C:\Program Files (x86)\Common Files\Oracle\Java\javapath\java.exe
0x00007ff92fba0000 - 0x00007ff92fd90000 	C:\Windows\SYSTEM32\ntdll.dll
0x00007ff92e930000 - 0x00007ff92e9e2000 	C:\Windows\System32\KERNEL32.DLL
0x00007ff92d970000 - 0x00007ff92dc15000 	C:\Windows\System32\KERNELBASE.dll
0x00007ff92f6c0000 - 0x00007ff92f763000 	C:\Windows\System32\ADVAPI32.dll
0x00007ff92f310000 - 0x00007ff92f3ae000 	C:\Windows\System32\msvcrt.dll
0x00007ff92f8a0000 - 0x00007ff92f937000 	C:\Windows\System32\sechost.dll
0x00007ff92f770000 - 0x00007ff92f890000 	C:\Windows\System32\RPCRT4.dll
0x00007ff92e610000 - 0x00007ff92e7a5000 	C:\Windows\System32\USER32.dll
0x00007ff92cd90000 - 0x00007ff92cdb1000 	C:\Windows\System32\win32u.dll
0x00007ff92e860000 - 0x00007ff92e886000 	C:\Windows\System32\GDI32.dll
0x00007ff92d730000 - 0x00007ff92d8c6000 	C:\Windows\System32\gdi32full.dll
0x00007ff92d8d0000 - 0x00007ff92d96e000 	C:\Windows\System32\msvcp_win.dll
0x00007ff92d5b0000 - 0x00007ff92d6aa000 	C:\Windows\System32\ucrtbase.dll
0x00007ff921a50000 - 0x00007ff921cd4000 	C:\Windows\WinSxS\amd64_microsoft.windows.common-controls_6595b64144ccf1df_6.0.18362.1082_none_9e8193e1e45b25c1\COMCTL32.dll
0x00007ff92e1a0000 - 0x00007ff92e4d5000 	C:\Windows\System32\combase.dll
0x00007ff92d6b0000 - 0x00007ff92d730000 	C:\Windows\System32\bcryptPrimitives.dll
0x00007ff92e890000 - 0x00007ff92e8be000 	C:\Windows\System32\IMM32.DLL
0x00000000546d0000 - 0x00000000547a2000 	C:\Program Files\Java\jre1.8.0_231\bin\msvcr100.dll
0x0000000053c70000 - 0x0000000054516000 	C:\Program Files\Java\jre1.8.0_231\bin\server\jvm.dll
0x00007ff92f890000 - 0x00007ff92f898000 	C:\Windows\System32\PSAPI.DLL
0x00007ff91b300000 - 0x00007ff91b309000 	C:\Windows\SYSTEM32\WSOCK32.dll
0x00007ff92aab0000 - 0x00007ff92aad4000 	C:\Windows\SYSTEM32\WINMM.dll
0x00007ff92e8c0000 - 0x00007ff92e92f000 	C:\Windows\System32\WS2_32.dll
0x00007ff9284c0000 - 0x00007ff9284ca000 	C:\Windows\SYSTEM32\VERSION.dll
0x00007ff92aa80000 - 0x00007ff92aaad000 	C:\Windows\SYSTEM32\WINMMBASE.dll
0x00007ff92d540000 - 0x00007ff92d58a000 	C:\Windows\System32\cfgmgr32.dll
0x00007ff929250000 - 0x00007ff92925f000 	C:\Program Files\Java\jre1.8.0_231\bin\verify.dll
0x00007ff925a80000 - 0x00007ff925aa9000 	C:\Program Files\Java\jre1.8.0_231\bin\java.dll
0x00007ff928130000 - 0x00007ff928146000 	C:\Program Files\Java\jre1.8.0_231\bin\zip.dll
0x00007ff92e9f0000 - 0x00007ff92f0d7000 	C:\Windows\System32\SHELL32.dll
0x00007ff92f260000 - 0x00007ff92f309000 	C:\Windows\System32\shcore.dll
0x00007ff92cdc0000 - 0x00007ff92d540000 	C:\Windows\System32\windows.storage.dll
0x00007ff92ca90000 - 0x00007ff92cab3000 	C:\Windows\System32\profapi.dll
0x00007ff92cae0000 - 0x00007ff92cb2a000 	C:\Windows\System32\powrprof.dll
0x00007ff92ca60000 - 0x00007ff92ca70000 	C:\Windows\System32\UMPDC.dll
0x00007ff92f510000 - 0x00007ff92f562000 	C:\Windows\System32\shlwapi.dll
0x00007ff92cac0000 - 0x00007ff92cad1000 	C:\Windows\System32\kernel.appcore.dll
0x00007ff92d590000 - 0x00007ff92d5a7000 	C:\Windows\System32\cryptsp.dll
0x00007ff925a60000 - 0x00007ff925a7a000 	C:\Program Files\Java\jre1.8.0_231\bin\net.dll
0x00007ff92c250000 - 0x00007ff92c2b7000 	C:\Windows\system32\mswsock.dll
0x00007ff925a40000 - 0x00007ff925a52000 	C:\Program Files\Java\jre1.8.0_231\bin\nio.dll

VM Arguments:
java_command: io.qameta.allure.CommandLine generate ./report/xml -o ./report/html --clean
java_class_path (initial): D:\allure-2.7.0\bin\..\lib\allure-commandline-2.7.0.jar;D:\allure-2.7.0\bin\..\lib\allure-generator-2.7.0.jar;D:\allure-2.7.0\bin\..\lib\jcommander-1.72.jar;D:\allure-2.7.0\bin\..\lib\jetty-server-9.4.11.v20180605.jar;D:\allure-2.7.0\bin\..\lib\slf4j-log4j12-1.7.25.jar;D:\allure-2.7.0\bin\..\lib\jackson-dataformat-xml-2.9.6.jar;D:\allure-2.7.0\bin\..\lib\allure-plugin-api-2.7.0.jar;D:\allure-2.7.0\bin\..\lib\jackson-dataformat-yaml-2.9.6.jar;D:\allure-2.7.0\bin\..\lib\commons-io-2.6.jar;D:\allure-2.7.0\bin\..\lib\allure2-model-api-1.0.0.jar;D:\allure-2.7.0\bin\..\lib\allure1-model-1.0.jar;D:\allure-2.7.0\bin\..\lib\httpclient-4.5.6.jar;D:\allure-2.7.0\bin\..\lib\allure2-model-jackson-1.0.0.jar;D:\allure-2.7.0\bin\..\lib\allure2-model-pojo-1.0.0.jar;D:\allure-2.7.0\bin\..\lib\tika-core-1.18.jar;D:\allure-2.7.0\bin\..\lib\javax.servlet-api-3.1.0.jar;D:\allure-2.7.0\bin\..\lib\jetty-http-9.4.11.v20180605.jar;D:\allure-2.7.0\bin\..\lib\jetty-io-9.4.11.v20180605.jar;D:\allure-2.7.0\bin\..\lib\slf4j-api-1.7.25.jar;D:\allure-2.7.0\bin\..\lib\log4j-1.2.17.jar;D:\allure-2.7.0\bin\..\lib\jackson-module-jaxb-annotations-2.9.6.jar;D:\allure-2.7.0\bin\..\lib\jackson-databind-2.9.6.jar;D:\allure-2.7.0\bin\..\lib\jackson-core-2.9.6.jar;D:\allure-2.7.0\bin\..\lib\jackson-annotations-2.9.0.jar;D:\allure-2.7.0\bin\..\lib\woodstox-core-5.0.3.jar;D:\allure-2.7.0\bin\..\lib\stax2-api-3.1.4.jar;D:\allure-2.7.0\bin\..\lib\opencsv-4.2.jar;D:\allure-2.7.0\bin\..\lib\flexmark-0.34.8.jar;D:\allure-2.7.0\bin\..\lib\jaxb-api-2.3.0.jar;D:\allure-2.7.0\bin\..\lib\freemarker-2.3.28.jar;D:\allure-2.7.0\bin\..\lib\snakeyaml-1.18.jar;D:\allure-2.7.0\bin\..\lib\properties-2.0.RC5.jar;D:\allure-2.7.0\bin\..\lib\jaxb-utils-1.0.jar;D:\allure-2.7.0\bin\..\lib\httpcore-4.4.10.jar;D:\allure-2.7.0\bin\..\lib\commons-beanutils-1.9.3.jar;D:\allure-2.7.0\bin\..\lib\commons-logging-1.2.jar;D:\allure-2.7.0\bin\..\lib\commons-codec-1.10.jar;D:\allure-2.7.0\bin\..\lib\jetty-util-9.4.11.
Launcher Type: SUN_STANDARD

Environment Variables:
PATH=C:\Program Files (x86)\Common Files\Oracle\Java\javapath;C:\Windows\system32;C:\Windows;C:\Windows\System32\Wbem;C:\Windows\System32\WindowsPowerShell\v1.0\;C:\Windows\System32\OpenSSH\;C:\Program Files\Git\cmd;C:\Program Files\nodejs\;D:\apache-tomcat-8.5.57\bin;C:\Program Files\VisualSVN Server\bin;C:\Program Files\TortoiseSVN\bin;D:\allure-2.7.0\bin;C:\Users\ASUS\AppData\Local\Programs\Python\Python38\Scripts\;C:\Users\ASUS\AppData\Local\Programs\Python\Python38\;C:\Users\ASUS\AppData\Local\Microsoft\WindowsApps;C:\Users\ASUS\AppData\Local\Programs\Fiddler;C:\Program Files\JetBrains\PyCharm Community Edition 2020.1.2\bin;;D:\allure-2.7.0\bin;C:\Users\ASUS\AppData\Roaming\npm\node_modules;C:\Program Files\nodejs\node_global;C:\Program Files\Java\jdk-14.0.2\bin;
USERNAME=ASUS
OS=Windows_NT
PROCESSOR_IDENTIFIER=Intel64 Family 6 Model 158 Stepping 10, GenuineIntel



---------------  S Y S T E M  ---------------

OS: Windows 10.0 , 64 bit Build 18362 (10.0.18362.1082)

CPU:total 6 (initial active 6) (6 cores per cpu, 1 threads per core) family 6 model 158 stepping 10, cmov, cx8, fxsr, mmx, sse, sse2, sse3, ssse3, sse4.1, sse4.2, popcnt, avx, avx2, aes, clmul, erms, 3dnowpref, lzcnt, tsc, tscinvbit, bmi1, bmi2, adx

Memory: 4k page, physical 16708016k(3913448k free), swap 29815212k(5300k free)

vm_info: Java HotSpot(TM) 64-Bit Server VM (25.231-b11) for windows-amd64 JRE (1.8.0_231-b11), built on Oct  5 2019 03:11:30 by "java_re" with MS VC++ 10.0 (VS2010)

time: Fri Oct 30 10:40:29 2020
timezone: 中国标准时间
elapsed time: 9 seconds (0d 0h 0m 9s)

